\BOOKMARK [1][-]{section.1}{\376\377\000I\000n\000t\000r\000o\000d\000u\000c\000t\000i\000o\000n}{}% 1
\BOOKMARK [2][-]{subsection.1.1}{\376\377\000E\000x\000e\000r\000c\000i\000s\000e\000\040\0001\000.\0001}{section.1}% 2
\BOOKMARK [2][-]{subsection.1.2}{\376\377\000E\000x\000e\000r\000c\000i\000s\000e\000\040\0001\000.\0002}{section.1}% 3
\BOOKMARK [2][-]{subsection.1.3}{\376\377\000E\000x\000e\000r\000c\000i\000s\000e\000\040\0001\000.\0003}{section.1}% 4
\BOOKMARK [2][-]{subsection.1.4}{\376\377\000E\000x\000e\000r\000c\000i\000s\000e\000\040\0001\000.\0004}{section.1}% 5
\BOOKMARK [2][-]{subsection.1.5}{\376\377\000E\000x\000e\000r\000c\000i\000s\000e\000\040\0001\000.\0005}{section.1}% 6
\BOOKMARK [1][-]{section.2}{\376\377\000M\000u\000l\000t\000i\000-\000a\000r\000m\000e\000d\000\040\000B\000a\000n\000d\000i\000t\000s}{}% 7
\BOOKMARK [2][-]{subsection.2.1}{\376\377\000E\000x\000e\000r\000c\000i\000s\000e\000\040\0002\000.\0001}{section.2}% 8
\BOOKMARK [2][-]{subsection.2.2}{\376\377\000E\000x\000e\000r\000c\000i\000s\000e\000\040\0002\000.\0002}{section.2}% 9
\BOOKMARK [2][-]{subsection.2.3}{\376\377\000E\000x\000e\000r\000c\000i\000s\000e\000\040\0002\000.\0003}{section.2}% 10
\BOOKMARK [2][-]{subsection.2.4}{\376\377\000E\000x\000e\000r\000c\000i\000s\000e\000\040\0002\000.\0004}{section.2}% 11
\BOOKMARK [2][-]{subsection.2.5}{\376\377\000E\000x\000e\000r\000c\000i\000s\000e\000\040\0002\000.\0005}{section.2}% 12
\BOOKMARK [2][-]{subsection.2.6}{\376\377\000E\000x\000e\000r\000c\000i\000s\000e\000\040\0002\000.\0006}{section.2}% 13
\BOOKMARK [2][-]{subsection.2.7}{\376\377\000E\000x\000e\000r\000c\000i\000s\000e\000\040\0002\000.\0007}{section.2}% 14
\BOOKMARK [2][-]{subsection.2.8}{\376\377\000E\000x\000e\000r\000c\000i\000s\000e\000\040\0002\000.\0008}{section.2}% 15
\BOOKMARK [2][-]{subsection.2.9}{\376\377\000E\000x\000e\000r\000c\000i\000s\000e\000\040\0002\000.\0009}{section.2}% 16
\BOOKMARK [2][-]{subsection.2.10}{\376\377\000E\000x\000e\000r\000c\000i\000s\000e\000\040\0002\000.\0001\0000}{section.2}% 17
\BOOKMARK [2][-]{subsection.2.11}{\376\377\000E\000x\000e\000r\000c\000i\000s\000e\000\040\0002\000.\0001\0001}{section.2}% 18
\BOOKMARK [1][-]{section.3}{\376\377\000F\000i\000n\000i\000t\000e\000\040\000M\000a\000r\000k\000o\000v\000\040\000D\000e\000c\000i\000s\000i\000o\000n\000\040\000P\000r\000o\000c\000e\000s\000s\000e\000s}{}% 19
\BOOKMARK [2][-]{subsection.3.1}{\376\377\000E\000x\000e\000r\000c\000i\000s\000e\000\040\0003\000.\0001}{section.3}% 20
\BOOKMARK [2][-]{subsection.3.2}{\376\377\000E\000x\000e\000r\000c\000i\000s\000e\000\040\0003\000.\0002}{section.3}% 21
\BOOKMARK [2][-]{subsection.3.3}{\376\377\000E\000x\000e\000r\000c\000i\000s\000e\000\040\0003\000.\0003}{section.3}% 22
\BOOKMARK [2][-]{subsection.3.4}{\376\377\000E\000x\000e\000r\000c\000i\000s\000e\000\040\0003\000.\0004}{section.3}% 23
\BOOKMARK [2][-]{subsection.3.5}{\376\377\000E\000x\000e\000r\000c\000i\000s\000e\000\040\0003\000.\0005}{section.3}% 24
\BOOKMARK [2][-]{subsection.3.6}{\376\377\000E\000x\000e\000r\000c\000i\000s\000e\000\040\0003\000.\0006}{section.3}% 25
\BOOKMARK [2][-]{subsection.3.7}{\376\377\000E\000x\000e\000r\000c\000i\000s\000e\000\040\0003\000.\0007}{section.3}% 26
\BOOKMARK [2][-]{subsection.3.8}{\376\377\000E\000x\000e\000r\000c\000i\000s\000e\000\040\0003\000.\0008}{section.3}% 27
\BOOKMARK [2][-]{subsection.3.9}{\376\377\000E\000x\000e\000r\000c\000i\000s\000e\000\040\0003\000.\0009}{section.3}% 28
\BOOKMARK [2][-]{subsection.3.10}{\376\377\000E\000x\000e\000r\000c\000i\000s\000e\000\040\0003\000.\0001\0000}{section.3}% 29
\BOOKMARK [2][-]{subsection.3.11}{\376\377\000E\000x\000e\000r\000c\000i\000s\000e\000\040\0003\000.\0001\0001}{section.3}% 30
\BOOKMARK [2][-]{subsection.3.12}{\376\377\000E\000x\000e\000r\000c\000i\000s\000e\000\040\0003\000.\0001\0002}{section.3}% 31
\BOOKMARK [2][-]{subsection.3.13}{\376\377\000E\000x\000e\000r\000c\000i\000s\000e\000\040\0003\000.\0001\0003}{section.3}% 32
\BOOKMARK [2][-]{subsection.3.14}{\376\377\000E\000x\000e\000r\000c\000i\000s\000e\000\040\0003\000.\0001\0004}{section.3}% 33
\BOOKMARK [2][-]{subsection.3.15}{\376\377\000E\000x\000e\000r\000c\000i\000s\000e\000\040\0003\000.\0001\0005}{section.3}% 34
\BOOKMARK [2][-]{subsection.3.16}{\376\377\000E\000x\000e\000r\000c\000i\000s\000e\000\040\0003\000.\0001\0006}{section.3}% 35
\BOOKMARK [2][-]{subsection.3.17}{\376\377\000E\000x\000e\000r\000c\000i\000s\000e\000\040\0003\000.\0001\0007}{section.3}% 36
\BOOKMARK [2][-]{subsection.3.18}{\376\377\000E\000x\000e\000r\000c\000i\000s\000e\000\040\0003\000.\0001\0008}{section.3}% 37
\BOOKMARK [2][-]{subsection.3.19}{\376\377\000E\000x\000e\000r\000c\000i\000s\000e\000\040\0003\000.\0001\0009}{section.3}% 38
\BOOKMARK [2][-]{subsection.3.20}{\376\377\000E\000x\000e\000r\000c\000i\000s\000e\000\040\0003\000.\0002\0000}{section.3}% 39
\BOOKMARK [2][-]{subsection.3.21}{\376\377\000E\000x\000e\000r\000c\000i\000s\000e\000\040\0003\000.\0002\0001}{section.3}% 40
\BOOKMARK [2][-]{subsection.3.22}{\376\377\000E\000x\000e\000r\000c\000i\000s\000e\000\040\0003\000.\0002\0002}{section.3}% 41
\BOOKMARK [2][-]{subsection.3.23}{\376\377\000E\000x\000e\000r\000c\000i\000s\000e\000\040\0003\000.\0002\0003}{section.3}% 42
\BOOKMARK [2][-]{subsection.3.24}{\376\377\000E\000x\000e\000r\000c\000i\000s\000e\000\040\0003\000.\0002\0004}{section.3}% 43
\BOOKMARK [2][-]{subsection.3.25}{\376\377\000E\000x\000e\000r\000c\000i\000s\000e\000\040\0003\000.\0002\0005}{section.3}% 44
\BOOKMARK [2][-]{subsection.3.26}{\376\377\000E\000x\000e\000r\000c\000i\000s\000e\000\040\0003\000.\0002\0006}{section.3}% 45
\BOOKMARK [2][-]{subsection.3.27}{\376\377\000E\000x\000e\000r\000c\000i\000s\000e\000\040\0003\000.\0002\0007}{section.3}% 46
\BOOKMARK [2][-]{subsection.3.28}{\376\377\000E\000x\000e\000r\000c\000i\000s\000e\000\040\0003\000.\0002\0008}{section.3}% 47
\BOOKMARK [2][-]{subsection.3.29}{\376\377\000E\000x\000e\000r\000c\000i\000s\000e\000\040\0003\000.\0002\0009}{section.3}% 48
\BOOKMARK [1][-]{section.4}{\376\377\000D\000y\000n\000a\000m\000i\000c\000\040\000P\000r\000o\000g\000r\000a\000m\000m\000i\000n\000g}{}% 49
\BOOKMARK [2][-]{subsection.4.1}{\376\377\000E\000x\000e\000r\000c\000i\000s\000e\000\040\0004\000.\0001}{section.4}% 50
\BOOKMARK [2][-]{subsection.4.2}{\376\377\000E\000x\000e\000r\000c\000i\000s\000e\000\040\0004\000.\0002}{section.4}% 51
\BOOKMARK [2][-]{subsection.4.3}{\376\377\000E\000x\000e\000r\000c\000i\000s\000e\000\040\0004\000.\0003}{section.4}% 52
